12:27:36.758 - 36: org.apache.uima.analysis_engine.impl.PrimitiveAnalysisEngine_impl.callAnalysisComponentProcess(417): GRAVE: Exception occurred
org.apache.uima.analysis_engine.AnalysisEngineProcessException: Annotator processing failed.    
	at org.apache.uima.analysis_engine.impl.PrimitiveAnalysisEngine_impl.callAnalysisComponentProcess(PrimitiveAnalysisEngine_impl.java:401)
	at org.apache.uima.analysis_engine.impl.PrimitiveAnalysisEngine_impl.processAndOutputNewCASes(PrimitiveAnalysisEngine_impl.java:308)
	at org.apache.uima.analysis_engine.asb.impl.ASB_impl$AggregateCasIterator.processUntilNextOutputCas(ASB_impl.java:570)
	at org.apache.uima.analysis_engine.asb.impl.ASB_impl$AggregateCasIterator.<init>(ASB_impl.java:412)
	at org.apache.uima.analysis_engine.asb.impl.ASB_impl.process(ASB_impl.java:344)
	at org.apache.uima.analysis_engine.impl.AggregateAnalysisEngine_impl.processAndOutputNewCASes(AggregateAnalysisEngine_impl.java:265)
	at org.apache.uima.analysis_engine.impl.AnalysisEngineImplBase.process(AnalysisEngineImplBase.java:269)
	at org.apache.uima.collection.impl.cpm.engine.ProcessingUnit.processNext(ProcessingUnit.java:893)
	at org.apache.uima.collection.impl.cpm.engine.ProcessingUnit.run(ProcessingUnit.java:575)
Caused by: org.apache.uima.cas.CASRuntimeException: JCas type "defecto.NoDetector" used in Java code,  but was not declared in the XML type descriptor.
	at org.apache.uima.jcas.impl.JCasImpl.getTypeInit(JCasImpl.java:435)
	at org.apache.uima.jcas.impl.JCasImpl.getType(JCasImpl.java:408)
	at org.apache.uima.jcas.cas.TOP.<init>(TOP.java:96)
	at org.apache.uima.jcas.cas.AnnotationBase.<init>(AnnotationBase.java:66)
	at org.apache.uima.jcas.tcas.Annotation.<init>(Annotation.java:54)
	at defecto.NoDetector.<init>(NoDetector.java:52)
	at annotators.NoDetectorAnnotator.process(NoDetectorAnnotator.java:20)
	at org.apache.uima.analysis_component.JCasAnnotator_ImplBase.process(JCasAnnotator_ImplBase.java:48)
	at org.apache.uima.analysis_engine.impl.PrimitiveAnalysisEngine_impl.callAnalysisComponentProcess(PrimitiveAnalysisEngine_impl.java:385)
	... 8 more

12:27:36.767 - 36: org.apache.uima.analysis_engine.impl.AggregateAnalysisEngine_impl.processAndOutputNewCASes(273): GRAVE: Exception occurred
org.apache.uima.analysis_engine.AnalysisEngineProcessException: Annotator processing failed.    
	at org.apache.uima.analysis_engine.impl.PrimitiveAnalysisEngine_impl.callAnalysisComponentProcess(PrimitiveAnalysisEngine_impl.java:401)
	at org.apache.uima.analysis_engine.impl.PrimitiveAnalysisEngine_impl.processAndOutputNewCASes(PrimitiveAnalysisEngine_impl.java:308)
	at org.apache.uima.analysis_engine.asb.impl.ASB_impl$AggregateCasIterator.processUntilNextOutputCas(ASB_impl.java:570)
	at org.apache.uima.analysis_engine.asb.impl.ASB_impl$AggregateCasIterator.<init>(ASB_impl.java:412)
	at org.apache.uima.analysis_engine.asb.impl.ASB_impl.process(ASB_impl.java:344)
	at org.apache.uima.analysis_engine.impl.AggregateAnalysisEngine_impl.processAndOutputNewCASes(AggregateAnalysisEngine_impl.java:265)
	at org.apache.uima.analysis_engine.impl.AnalysisEngineImplBase.process(AnalysisEngineImplBase.java:269)
	at org.apache.uima.collection.impl.cpm.engine.ProcessingUnit.processNext(ProcessingUnit.java:893)
	at org.apache.uima.collection.impl.cpm.engine.ProcessingUnit.run(ProcessingUnit.java:575)
Caused by: org.apache.uima.cas.CASRuntimeException: JCas type "defecto.NoDetector" used in Java code,  but was not declared in the XML type descriptor.
	at org.apache.uima.jcas.impl.JCasImpl.getTypeInit(JCasImpl.java:435)
	at org.apache.uima.jcas.impl.JCasImpl.getType(JCasImpl.java:408)
	at org.apache.uima.jcas.cas.TOP.<init>(TOP.java:96)
	at org.apache.uima.jcas.cas.AnnotationBase.<init>(AnnotationBase.java:66)
	at org.apache.uima.jcas.tcas.Annotation.<init>(Annotation.java:54)
	at defecto.NoDetector.<init>(NoDetector.java:52)
	at annotators.NoDetectorAnnotator.process(NoDetectorAnnotator.java:20)
	at org.apache.uima.analysis_component.JCasAnnotator_ImplBase.process(JCasAnnotator_ImplBase.java:48)
	at org.apache.uima.analysis_engine.impl.PrimitiveAnalysisEngine_impl.callAnalysisComponentProcess(PrimitiveAnalysisEngine_impl.java:385)
	... 8 more

12:27:36.773 - 36: org.apache.uima.collection.impl.cpm.engine.ProcessingUnit.process: GRAVE: The container DocumentAnalyzerAE returned the following error message: Annotator processing failed.     (Thread Name: [CasConsumer Pipeline Thread]::) 
12:27:36.774 - 36: org.apache.uima.collection.impl.cpm.engine.ProcessingUnit.maybeLogSevereException(2498): GRAVE: Thread: [CasConsumer Pipeline Thread]::, message: Annotator processing failed.    
org.apache.uima.analysis_engine.AnalysisEngineProcessException: Annotator processing failed.    
	at org.apache.uima.analysis_engine.impl.PrimitiveAnalysisEngine_impl.callAnalysisComponentProcess(PrimitiveAnalysisEngine_impl.java:401)
	at org.apache.uima.analysis_engine.impl.PrimitiveAnalysisEngine_impl.processAndOutputNewCASes(PrimitiveAnalysisEngine_impl.java:308)
	at org.apache.uima.analysis_engine.asb.impl.ASB_impl$AggregateCasIterator.processUntilNextOutputCas(ASB_impl.java:570)
	at org.apache.uima.analysis_engine.asb.impl.ASB_impl$AggregateCasIterator.<init>(ASB_impl.java:412)
	at org.apache.uima.analysis_engine.asb.impl.ASB_impl.process(ASB_impl.java:344)
	at org.apache.uima.analysis_engine.impl.AggregateAnalysisEngine_impl.processAndOutputNewCASes(AggregateAnalysisEngine_impl.java:265)
	at org.apache.uima.analysis_engine.impl.AnalysisEngineImplBase.process(AnalysisEngineImplBase.java:269)
	at org.apache.uima.collection.impl.cpm.engine.ProcessingUnit.processNext(ProcessingUnit.java:893)
	at org.apache.uima.collection.impl.cpm.engine.ProcessingUnit.run(ProcessingUnit.java:575)
Caused by: org.apache.uima.cas.CASRuntimeException: JCas type "defecto.NoDetector" used in Java code,  but was not declared in the XML type descriptor.
	at org.apache.uima.jcas.impl.JCasImpl.getTypeInit(JCasImpl.java:435)
	at org.apache.uima.jcas.impl.JCasImpl.getType(JCasImpl.java:408)
	at org.apache.uima.jcas.cas.TOP.<init>(TOP.java:96)
	at org.apache.uima.jcas.cas.AnnotationBase.<init>(AnnotationBase.java:66)
	at org.apache.uima.jcas.tcas.Annotation.<init>(Annotation.java:54)
	at defecto.NoDetector.<init>(NoDetector.java:52)
	at annotators.NoDetectorAnnotator.process(NoDetectorAnnotator.java:20)
	at org.apache.uima.analysis_component.JCasAnnotator_ImplBase.process(JCasAnnotator_ImplBase.java:48)
	at org.apache.uima.analysis_engine.impl.PrimitiveAnalysisEngine_impl.callAnalysisComponentProcess(PrimitiveAnalysisEngine_impl.java:385)
	... 8 more

